[Tue Nov 14 14:12:48.210545 2023] [ssl:warn] [pid 16800:tid 356] AH01909: www.example.com:443:0 server certificate does NOT include an ID which matches the server name
[Tue Nov 14 14:12:48.256672 2023] [ssl:warn] [pid 16800:tid 356] AH01909: www.example.com:443:0 server certificate does NOT include an ID which matches the server name
[Tue Nov 14 14:12:48.291176 2023] [mpm_winnt:notice] [pid 16800:tid 356] AH00455: Apache/2.4.56 (Win64) OpenSSL/1.1.1t PHP/8.0.28 configured -- resuming normal operations
[Tue Nov 14 14:12:48.291176 2023] [mpm_winnt:notice] [pid 16800:tid 356] AH00456: Apache Lounge VS16 Server built: Mar  7 2023 13:21:03
[Tue Nov 14 14:12:48.291176 2023] [core:notice] [pid 16800:tid 356] AH00094: Command line: 'C:\\xampp\\apache\\bin\\httpd.exe -d C:/xampp/apache'
[Tue Nov 14 14:12:48.291176 2023] [mpm_winnt:notice] [pid 16800:tid 356] AH00418: Parent: Created child process 19292
[Tue Nov 14 14:12:48.743825 2023] [ssl:warn] [pid 19292:tid 364] AH01909: www.example.com:443:0 server certificate does NOT include an ID which matches the server name
[Tue Nov 14 14:12:48.787810 2023] [ssl:warn] [pid 19292:tid 364] AH01909: www.example.com:443:0 server certificate does NOT include an ID which matches the server name
[Tue Nov 14 14:12:48.819777 2023] [mpm_winnt:notice] [pid 19292:tid 364] AH00354: Child: Starting 150 worker threads.
[Tue Nov 14 14:14:12.589391 2023] [ssl:warn] [pid 16820:tid 356] AH01909: www.example.com:443:0 server certificate does NOT include an ID which matches the server name
[Tue Nov 14 14:14:12.631363 2023] [ssl:warn] [pid 16820:tid 356] AH01909: www.example.com:443:0 server certificate does NOT include an ID which matches the server name
[Tue Nov 14 14:14:12.654646 2023] [mpm_winnt:notice] [pid 16820:tid 356] AH00455: Apache/2.4.56 (Win64) OpenSSL/1.1.1t PHP/8.0.28 configured -- resuming normal operations
[Tue Nov 14 14:14:12.654646 2023] [mpm_winnt:notice] [pid 16820:tid 356] AH00456: Apache Lounge VS16 Server built: Mar  7 2023 13:21:03
[Tue Nov 14 14:14:12.654646 2023] [core:notice] [pid 16820:tid 356] AH00094: Command line: 'c:\\xampp\\apache\\bin\\httpd.exe -d C:/xampp/apache'
[Tue Nov 14 14:14:12.658759 2023] [mpm_winnt:notice] [pid 16820:tid 356] AH00418: Parent: Created child process 19224
[Tue Nov 14 14:14:13.098937 2023] [ssl:warn] [pid 19224:tid 384] AH01909: www.example.com:443:0 server certificate does NOT include an ID which matches the server name
[Tue Nov 14 14:14:13.138605 2023] [ssl:warn] [pid 19224:tid 384] AH01909: www.example.com:443:0 server certificate does NOT include an ID which matches the server name
[Tue Nov 14 14:14:13.163590 2023] [mpm_winnt:notice] [pid 19224:tid 384] AH00354: Child: Starting 150 worker threads.
[Tue Nov 14 16:25:56.604458 2023] [php:warn] [pid 19224:tid 1916] [client ::1:51649] PHP Warning:  mysqli::__construct(): php_network_getaddresses: getaddrinfo failed: No such host is known.  in C:\\xampp\\htdocs\\proj\\index.php on line 29
[Tue Nov 14 16:25:56.604458 2023] [php:warn] [pid 19224:tid 1916] [client ::1:51649] PHP Warning:  mysqli::__construct(): (HY000/2002): php_network_getaddresses: getaddrinfo failed: No such host is known.  in C:\\xampp\\htdocs\\proj\\index.php on line 29
[Tue Nov 14 16:26:14.910040 2023] [php:error] [pid 19224:tid 1916] [client ::1:51652] script 'C:/xampp/htdocs/proj/login.php' not found or unable to stat, referer: http://localhost/proj/
[Tue Nov 14 16:52:12.745139 2023] [php:error] [pid 19224:tid 1916] [client ::1:51732] script 'C:/xampp/htdocs/proj/login.php' not found or unable to stat, referer: http://localhost/proj/
[Tue Nov 14 18:33:40.007951 2023] [php:error] [pid 19224:tid 1952] [client ::1:52247] PHP Fatal error:  Uncaught Error: Call to a member function bind_param() on bool in C:\\xampp\\htdocs\\proj\\login.php:28\nStack trace:\n#0 {main}\n  thrown in C:\\xampp\\htdocs\\proj\\login.php on line 28, referer: http://localhost/proj/login.php
[Tue Nov 14 21:38:01.047180 2023] [php:error] [pid 19224:tid 1952] [client ::1:50281] PHP Parse error:  Unclosed '{' on line 47 in C:\\xampp\\htdocs\\proj\\items.php on line 121, referer: http://localhost/proj/transaction.php
[Tue Nov 14 21:38:04.230122 2023] [php:error] [pid 19224:tid 1952] [client ::1:50281] PHP Parse error:  Unclosed '{' on line 47 in C:\\xampp\\htdocs\\proj\\items.php on line 121, referer: http://localhost/proj/transaction.php
[Tue Nov 14 21:38:12.450512 2023] [php:error] [pid 19224:tid 1952] [client ::1:50283] PHP Parse error:  Unclosed '{' on line 47 in C:\\xampp\\htdocs\\proj\\items.php on line 121, referer: http://localhost/proj/login.html
[Tue Nov 14 21:39:29.813348 2023] [php:warn] [pid 19224:tid 1952] [client ::1:50287] PHP Warning:  Undefined array key "name" in C:\\xampp\\htdocs\\proj\\items.php on line 102, referer: http://localhost/proj/login.html
[Tue Nov 14 21:39:29.813348 2023] [php:warn] [pid 19224:tid 1952] [client ::1:50287] PHP Warning:  Undefined array key "balance" in C:\\xampp\\htdocs\\proj\\items.php on line 103, referer: http://localhost/proj/login.html
[Tue Nov 14 21:54:32.693209 2023] [php:warn] [pid 19224:tid 1880] [client ::1:50675] PHP Warning:  Undefined array key "name" in C:\\xampp\\htdocs\\proj\\items.php on line 123, referer: http://localhost/proj/login.html
[Tue Nov 14 21:54:32.693209 2023] [php:warn] [pid 19224:tid 1880] [client ::1:50675] PHP Warning:  Undefined array key "balance" in C:\\xampp\\htdocs\\proj\\items.php on line 124, referer: http://localhost/proj/login.html
[Tue Nov 14 21:54:32.693209 2023] [php:warn] [pid 19224:tid 1880] [client ::1:50675] PHP Warning:  Undefined array key "name" in C:\\xampp\\htdocs\\proj\\items.php on line 145, referer: http://localhost/proj/login.html
